Arguments: 
  /home/loki/.nvm/versions/node/v11.15.0/bin/node /usr/share/yarn/bin/yarn.js add multer

PATH: 
  /home/loki/.deno/bin:/users/loki/flutter/bin:/home/loki/.deno/bin:/users/loki/flutter/bin:/home/loki/.nvm/versions/node/v11.15.0/bin:/home/loki/.local/bin:/opt/GitHub Desktop:/usr/local/sbin:/usr/local/bin:/usr/sbin:/usr/bin:/sbin:/bin:/usr/games:/usr/local/games:/snap/bin:/home/loki/.dotnet/tools:/home/loki/Android/Sdk/emulator:/home/loki/Android/Sdk/tools:/home/loki/Android/Sdk/tools/bin:/home/loki/Android/Sdk/platform-tools:/<flutter/extracted/location>/bin:/<flutter/extracted/location>/bin

Yarn version: 
  1.22.4

Node version: 
  11.15.0

Platform: 
  linux x64

Trace: 
  Error: getaddrinfo ENOTFOUND registry.yarnpkg.com registry.yarnpkg.com:443
      at GetAddrInfoReqWrap.onlookup [as oncomplete] (dns.js:58:26)

npm manifest: 
  {
    "name": "jobs",
    "version": "1.0.0",
    "description": "",
    "main": "Server.js",
    "scripts": {
      "dev": "node Server.js",
      "start": "nodemon Server.js"
    },
    "keywords": [],
    "author": "",
    "license": "ISC",
    "dependencies": {
      "body-parser": "^1.19.0",
      "ejs": "^3.0.1",
      "express": "^4.17.1",
      "express-ejs-layouts": "^2.5.0",
      "mongoose": "^5.9.6",
      "multer": "^1.4.2"
    },
    "devDependencies": {
      "dotenv": "^8.2.0",
      "nodemon": "^2.0.2"
    },
    "engine": {
      "node": "11.15.0"
    }
  }

yarn manifest: 
  No manifest

Lockfile: 
  No lockfile
